<?xml version="1.0" encoding="UTF-8"?>
<!-- Generated by org.testng.reporters.JUnitReportReporter -->
<testsuite hostname="DESKTOP-CPV6QQU" name="com.hrm.Testscripts.TC_02" tests="1" failures="0" timestamp="20 Aug 2019 11:29:18 GMT" time="6.415" errors="0">
  <testcase name="Test2" time="6.415" classname="com.hrm.Testscripts.TC_02"/>
</testsuite> <!-- com.hrm.Testscripts.TC_02 -->
