<?xml version="1.0" encoding="UTF-8"?>
<!-- Generated by org.testng.reporters.JUnitReportReporter -->
<testsuite hostname="Nit" name="com.hrm.Testscripts.Tc_5131" tests="2" failures="0" timestamp="22 Aug 2019 06:31:59 GMT" time="0.009" errors="0">
  <testcase name="meth1" time="0.007" classname="com.hrm.Testscripts.Tc_5131"/>
  <testcase name="meth2" time="0.002" classname="com.hrm.Testscripts.Tc_5131"/>
</testsuite> <!-- com.hrm.Testscripts.Tc_5131 -->
