<?xml version="1.0" encoding="UTF-8"?>
<!-- Generated by org.testng.reporters.JUnitReportReporter -->
<testsuite hostname="Nit" name="com.hrm.Testscripts.Tcnew_02" tests="1" failures="0" timestamp="23 Aug 2019 05:26:12 GMT" time="19.375" errors="0">
  <testcase name="Tcnew_02" time="19.375" classname="com.hrm.Testscripts.Tcnew_02"/>
</testsuite> <!-- com.hrm.Testscripts.Tcnew_02 -->
