<?xml version="1.0" encoding="UTF-8"?>
<!-- Generated by org.testng.reporters.JUnitReportReporter -->
<testsuite hostname="Nit" name="com.hrm.Testscripts.TCnew_01" tests="1" failures="0" timestamp="22 Aug 2019 06:51:21 GMT" time="7.049" errors="0">
  <testcase name="Test1" time="7.049" classname="com.hrm.Testscripts.TCnew_01"/>
</testsuite> <!-- com.hrm.Testscripts.TCnew_01 -->
