<?xml version="1.0" encoding="UTF-8"?>
<!-- Generated by org.testng.reporters.JUnitReportReporter -->
<testsuite hostname="Nit" name="com.hrm.Testscripts.TCnew_01" tests="1" failures="0" timestamp="23 Aug 2019 06:23:42 GMT" time="5.344" errors="0">
  <testcase name="Test1" time="5.344" classname="com.hrm.Testscripts.TCnew_01"/>
</testsuite> <!-- com.hrm.Testscripts.TCnew_01 -->
