<?xml version="1.0" encoding="UTF-8"?>
<!-- Generated by org.testng.reporters.JUnitReportReporter -->
<testsuite hostname="Nit" name="com.hrm.Testscripts.Tc_5130" tests="4" failures="0" timestamp="22 Aug 2019 06:26:22 GMT" time="0.009" errors="0">
  <testcase name="meth3" time="0.001" classname="com.hrm.Testscripts.Tc_5130"/>
  <testcase name="meth1" time="0.005" classname="com.hrm.Testscripts.Tc_5130"/>
  <testcase name="meth4" time="0.002" classname="com.hrm.Testscripts.Tc_5130"/>
  <testcase name="meth2" time="0.001" classname="com.hrm.Testscripts.Tc_5130"/>
</testsuite> <!-- com.hrm.Testscripts.Tc_5130 -->
